TN:
SF:C:\Users\Asus\Desktop\Estudios y universidad\universidad\PPI 2019\cuci-mobil\aplicativo\src\polyfills.ts
FNF:0
FNH:0
LF:0
LH:0
BRF:0
BRH:0
end_of_record
TN:
SF:C:\Users\Asus\Desktop\Estudios y universidad\universidad\PPI 2019\cuci-mobil\aplicativo\src\test.ts
FNF:0
FNH:0
DA:13,1
DA:18,1
DA:20,1
LF:3
LH:3
BRF:0
BRH:0
end_of_record
TN:
SF:C:\Users\Asus\Desktop\Estudios y universidad\universidad\PPI 2019\cuci-mobil\aplicativo\src\app\app.component.ts
FN:3,(anonymous_0)
FNF:1
FNH:1
FNDA:1,(anonymous_0)
DA:8,1
DA:9,1
LF:2
LH:2
BRF:0
BRH:0
end_of_record
TN:
SF:C:\Users\Asus\Desktop\Estudios y universidad\universidad\PPI 2019\cuci-mobil\aplicativo\src\app\material.module.ts
FNF:0
FNH:0
DA:122,1
LF:1
LH:1
BRF:0
BRH:0
end_of_record
TN:
SF:C:\Users\Asus\Desktop\Estudios y universidad\universidad\PPI 2019\cuci-mobil\aplicativo\src\app\admin\servicios\editar-servicio.component.ts
FN:34,(anonymous_0)
FN:50,(anonymous_1)
FN:55,(anonymous_2)
FN:61,(anonymous_3)
FN:67,(anonymous_4)
FN:70,(anonymous_5)
FN:74,(anonymous_6)
FNF:7
FNH:4
FNDA:1,(anonymous_0)
FNDA:1,(anonymous_1)
FNDA:0,(anonymous_2)
FNDA:2,(anonymous_3)
FNDA:0,(anonymous_4)
FNDA:0,(anonymous_5)
FNDA:12,(anonymous_6)
DA:12,1
DA:26,1
DA:39,1
DA:41,1
DA:42,1
DA:43,1
DA:44,1
DA:45,1
DA:47,1
DA:48,1
DA:51,1
DA:52,1
DA:56,0
DA:57,0
DA:58,0
DA:62,2
DA:63,2
DA:64,2
DA:68,0
DA:70,0
DA:75,12
DA:76,2
DA:78,10
LF:23
LH:18
BRDA:57,0,0,0
BRDA:57,0,1,0
BRDA:69,1,0,0
BRDA:69,1,1,0
BRDA:75,2,0,2
BRDA:75,2,1,10
BRDA:76,3,0,0
BRDA:76,3,1,2
BRDA:78,4,0,0
BRDA:78,4,1,10
BRF:10
BRH:4
end_of_record
TN:
SF:C:\Users\Asus\Desktop\Estudios y universidad\universidad\PPI 2019\cuci-mobil\aplicativo\src\app\admin\vehiculo\editar-vehiculo.component.ts
FN:21,(anonymous_0)
FN:34,(anonymous_1)
FN:39,(anonymous_2)
FN:45,(anonymous_3)
FN:51,(anonymous_4)
FN:54,(anonymous_5)
FN:58,(anonymous_6)
FNF:7
FNH:2
FNDA:1,(anonymous_0)
FNDA:1,(anonymous_1)
FNDA:0,(anonymous_2)
FNDA:0,(anonymous_3)
FNDA:0,(anonymous_4)
FNDA:0,(anonymous_5)
FNDA:0,(anonymous_6)
DA:12,1
DA:26,1
DA:27,1
DA:28,1
DA:29,1
DA:31,1
DA:32,1
DA:35,1
DA:36,1
DA:40,0
DA:41,0
DA:42,0
DA:46,0
DA:47,0
DA:48,0
DA:52,0
DA:54,0
DA:59,0
DA:60,0
DA:62,0
LF:20
LH:9
BRDA:41,0,0,0
BRDA:41,0,1,0
BRDA:53,1,0,0
BRDA:53,1,1,0
BRDA:59,2,0,0
BRDA:59,2,1,0
BRDA:60,3,0,0
BRDA:60,3,1,0
BRDA:62,4,0,0
BRDA:62,4,1,0
BRF:10
BRH:0
end_of_record
TN:
SF:C:\Users\Asus\Desktop\Estudios y universidad\universidad\PPI 2019\cuci-mobil\aplicativo\src\app\admin\vehiculosIngresados\vehiculos-ingresados.component.ts
FN:41,(anonymous_0)
FN:50,(anonymous_1)
FN:74,(anonymous_2)
FN:81,(anonymous_3)
FN:85,(anonymous_4)
FN:91,(anonymous_5)
FN:97,(anonymous_6)
FN:100,(anonymous_7)
FN:103,(anonymous_8)
FN:110,(anonymous_9)
FN:115,(anonymous_10)
FN:119,(anonymous_11)
FN:120,(anonymous_12)
FNF:13
FNH:3
FNDA:1,(anonymous_0)
FNDA:1,(anonymous_1)
FNDA:0,(anonymous_2)
FNDA:1,(anonymous_3)
FNDA:0,(anonymous_4)
FNDA:0,(anonymous_5)
FNDA:0,(anonymous_6)
FNDA:0,(anonymous_7)
FNDA:0,(anonymous_8)
FNDA:0,(anonymous_9)
FNDA:0,(anonymous_10)
FNDA:0,(anonymous_11)
FNDA:0,(anonymous_12)
DA:28,1
DA:29,1
DA:31,1
DA:34,1
DA:35,1
DA:36,1
DA:38,1
DA:39,1
DA:40,1
DA:41,1
DA:42,1
DA:44,1
DA:45,1
DA:46,1
DA:48,1
DA:51,1
DA:52,1
DA:53,1
DA:54,1
DA:56,0
DA:57,0
DA:59,1
DA:61,1
DA:63,1
DA:69,1
DA:70,1
DA:71,1
DA:72,1
DA:86,0
DA:87,0
DA:88,0
DA:92,0
DA:93,0
DA:94,0
DA:98,0
DA:100,0
DA:104,0
DA:105,0
DA:107,0
DA:111,0
DA:112,0
DA:113,0
DA:116,0
DA:117,0
DA:120,0
DA:121,0
LF:46
LH:26
BRDA:45,0,0,1
BRDA:45,0,1,0
BRDA:55,1,0,0
BRDA:55,1,1,1
BRDA:55,1,2,1
BRDA:87,2,0,0
BRDA:87,2,1,0
BRDA:99,3,0,0
BRDA:99,3,1,0
BRDA:104,4,0,0
BRDA:104,4,1,0
BRDA:105,5,0,0
BRDA:105,5,1,0
BRDA:107,6,0,0
BRDA:107,6,1,0
BRF:15
BRH:3
end_of_record
TN:
SF:C:\Users\Asus\Desktop\Estudios y universidad\universidad\PPI 2019\cuci-mobil\aplicativo\src\app\login\login.component.ts
FN:12,(anonymous_0)
FN:20,(anonymous_1)
FN:26,(anonymous_2)
FN:29,(anonymous_3)
FN:39,(anonymous_4)
FNF:5
FNH:2
FNDA:1,(anonymous_0)
FNDA:1,(anonymous_1)
FNDA:0,(anonymous_2)
FNDA:0,(anonymous_3)
FNDA:0,(anonymous_4)
DA:10,1
DA:12,1
DA:13,1
DA:19,1
DA:21,1
DA:23,0
DA:27,0
DA:30,0
DA:31,0
DA:32,0
DA:33,0
DA:34,0
DA:36,0
DA:40,0
LF:14
LH:5
BRDA:21,0,0,1
BRDA:21,0,1,0
BRDA:31,1,0,0
BRDA:31,1,1,0
BRF:4
BRH:1
end_of_record
TN:
SF:C:\Users\Asus\Desktop\Estudios y universidad\universidad\PPI 2019\cuci-mobil\aplicativo\src\app\nav\nav.component.ts
FN:14,(anonymous_0)
FN:37,(anonymous_1)
FNF:2
FNH:2
FNDA:13,(anonymous_0)
FNDA:13,(anonymous_1)
DA:8,1
DA:9,13
DA:10,13
DA:12,13
DA:14,13
DA:15,13
DA:16,13
DA:17,0
DA:19,13
DA:20,13
DA:27,0
DA:28,0
LF:12
LH:9
BRDA:16,0,0,0
BRDA:16,0,1,13
BRDA:19,1,0,13
BRDA:19,1,1,0
BRDA:27,2,0,0
BRDA:27,2,1,0
BRF:6
BRH:2
end_of_record
TN:
SF:C:\Users\Asus\Desktop\Estudios y universidad\universidad\PPI 2019\cuci-mobil\aplicativo\src\app\operario\liquidacion\liquidacion.component.ts
FN:33,(anonymous_0)
FN:37,(anonymous_1)
FN:48,(anonymous_2)
FN:69,(anonymous_3)
FN:73,(anonymous_4)
FN:74,(anonymous_5)
FN:77,(anonymous_6)
FN:78,(anonymous_7)
FN:78,(anonymous_8)
FN:81,(anonymous_9)
FN:93,(anonymous_10)
FNF:11
FNH:9
FNDA:1,(anonymous_0)
FNDA:1,(anonymous_1)
FNDA:1,(anonymous_2)
FNDA:1,(anonymous_3)
FNDA:1,(anonymous_4)
FNDA:2,(anonymous_5)
FNDA:1,(anonymous_6)
FNDA:2,(anonymous_7)
FNDA:2,(anonymous_8)
FNDA:0,(anonymous_9)
FNDA:0,(anonymous_10)
DA:19,1
DA:20,1
DA:22,1
DA:23,1
DA:24,1
DA:25,1
DA:26,1
DA:27,1
DA:28,1
DA:29,1
DA:30,1
DA:33,1
DA:34,1
DA:35,1
DA:38,1
DA:39,1
DA:40,1
DA:42,0
DA:44,1
DA:45,1
DA:46,1
DA:49,1
DA:50,1
DA:51,2
DA:57,1
DA:58,1
DA:59,1
DA:60,1
DA:74,2
DA:78,2
DA:83,0
DA:84,0
DA:85,0
DA:86,0
DA:88,0
DA:89,0
DA:90,0
DA:91,0
DA:94,0
LF:39
LH:29
BRDA:39,0,0,1
BRDA:39,0,1,0
BRDA:83,1,0,0
BRDA:83,1,1,0
BRDA:85,2,0,0
BRDA:85,2,1,0
BRDA:89,3,0,0
BRDA:89,3,1,0
BRF:8
BRH:1
end_of_record
TN:
SF:C:\Users\Asus\Desktop\Estudios y universidad\universidad\PPI 2019\cuci-mobil\aplicativo\src\app\operario\registrar-entrada-serviteca\registrar-entrada-serviteca.component.ts
FN:67,(anonymous_0)
FN:80,(anonymous_1)
FN:97,(anonymous_2)
FN:112,(anonymous_3)
FN:116,(anonymous_4)
FN:122,(anonymous_5)
FN:128,(anonymous_6)
FN:140,(anonymous_7)
FN:145,(anonymous_8)
FN:152,(anonymous_9)
FN:160,(anonymous_10)
FN:163,(anonymous_11)
FN:172,(anonymous_12)
FN:183,(anonymous_13)
FN:187,(anonymous_14)
FN:205,(anonymous_15)
FN:210,(anonymous_16)
FN:212,(anonymous_17)
FN:217,(anonymous_18)
FNF:19
FNH:9
FNDA:6,(anonymous_0)
FNDA:6,(anonymous_1)
FNDA:6,(anonymous_2)
FNDA:6,(anonymous_3)
FNDA:0,(anonymous_4)
FNDA:12,(anonymous_5)
FNDA:0,(anonymous_6)
FNDA:0,(anonymous_7)
FNDA:12,(anonymous_8)
FNDA:0,(anonymous_9)
FNDA:0,(anonymous_10)
FNDA:0,(anonymous_11)
FNDA:0,(anonymous_12)
FNDA:3,(anonymous_13)
FNDA:6,(anonymous_14)
FNDA:2,(anonymous_15)
FNDA:0,(anonymous_16)
FNDA:0,(anonymous_17)
FNDA:0,(anonymous_18)
DA:29,1
DA:30,6
DA:31,6
DA:32,6
DA:34,6
DA:48,6
DA:53,6
DA:55,6
DA:56,6
DA:57,6
DA:58,6
DA:59,6
DA:60,6
DA:61,6
DA:62,6
DA:63,6
DA:64,6
DA:65,1
DA:66,1
DA:67,6
DA:68,6
DA:69,6
DA:70,6
DA:71,6
DA:72,6
DA:73,6
DA:74,6
DA:75,6
DA:76,6
DA:77,6
DA:78,6
DA:81,6
DA:82,6
DA:83,24
DA:89,6
DA:90,6
DA:91,6
DA:92,6
DA:95,6
DA:98,6
DA:99,6
DA:100,12
DA:106,6
DA:113,6
DA:117,0
DA:118,0
DA:119,0
DA:123,12
DA:124,12
DA:125,12
DA:129,0
DA:130,0
DA:131,0
DA:132,0
DA:133,0
DA:134,0
DA:137,0
DA:140,0
DA:141,0
DA:146,12
DA:147,12
DA:149,0
DA:153,0
DA:154,0
DA:155,0
DA:156,0
DA:157,0
DA:158,0
DA:161,0
DA:164,0
DA:165,0
DA:173,0
DA:174,0
DA:175,0
DA:177,0
DA:178,0
DA:180,0
DA:184,3
DA:185,3
DA:186,3
DA:187,3
DA:188,6
DA:189,5
DA:190,5
DA:193,3
DA:194,2
DA:196,1
DA:198,3
DA:199,3
DA:200,3
DA:201,3
DA:202,3
DA:206,2
DA:207,2
DA:211,0
DA:212,0
DA:213,0
DA:214,0
DA:215,0
DA:222,0
DA:223,0
LF:101
LH:66
BRDA:118,0,0,0
BRDA:118,0,1,0
BRDA:131,1,0,0
BRDA:131,1,1,0
BRDA:139,2,0,0
BRDA:139,2,1,0
BRDA:146,3,0,12
BRDA:146,3,1,0
BRDA:147,4,0,12
BRDA:147,4,1,0
BRDA:149,5,0,0
BRDA:149,5,1,0
BRDA:173,6,0,0
BRDA:173,6,1,0
BRDA:188,7,0,5
BRDA:188,7,1,1
BRDA:193,8,0,2
BRDA:193,8,1,1
BRDA:213,9,0,0
BRDA:213,9,1,0
BRF:20
BRH:6
end_of_record
TN:
SF:C:\Users\Asus\Desktop\Estudios y universidad\universidad\PPI 2019\cuci-mobil\aplicativo\src\app\operario\registro-vehiculo\registro-vehiculo.component.ts
FN:60,(anonymous_0)
FN:64,(anonymous_1)
FN:71,(anonymous_2)
FN:73,(anonymous_3)
FN:80,(anonymous_4)
FN:84,(anonymous_5)
FN:87,(anonymous_6)
FN:100,(anonymous_7)
FN:118,(anonymous_8)
FN:121,(anonymous_9)
FN:125,(anonymous_10)
FN:129,(anonymous_11)
FN:134,(anonymous_12)
FN:144,(anonymous_13)
FN:152,(anonymous_14)
FN:162,(anonymous_15)
FN:165,(anonymous_16)
FN:168,(anonymous_17)
FN:184,(anonymous_18)
FN:190,(anonymous_19)
FN:196,(anonymous_20)
FN:206,(anonymous_21)
FN:209,(anonymous_22)
FNF:23
FNH:3
FNDA:1,(anonymous_0)
FNDA:1,(anonymous_1)
FNDA:1,(anonymous_2)
FNDA:0,(anonymous_3)
FNDA:0,(anonymous_4)
FNDA:0,(anonymous_5)
FNDA:0,(anonymous_6)
FNDA:0,(anonymous_7)
FNDA:0,(anonymous_8)
FNDA:0,(anonymous_9)
FNDA:0,(anonymous_10)
FNDA:0,(anonymous_11)
FNDA:0,(anonymous_12)
FNDA:0,(anonymous_13)
FNDA:0,(anonymous_14)
FNDA:0,(anonymous_15)
FNDA:0,(anonymous_16)
FNDA:0,(anonymous_17)
FNDA:0,(anonymous_18)
FNDA:0,(anonymous_19)
FNDA:0,(anonymous_20)
FNDA:0,(anonymous_21)
FNDA:0,(anonymous_22)
DA:18,1
DA:19,1
DA:20,1
DA:21,1
DA:22,1
DA:23,1
DA:24,1
DA:25,1
DA:26,1
DA:34,1
DA:43,1
DA:50,1
DA:57,1
DA:58,1
DA:59,1
DA:60,1
DA:61,1
DA:62,1
DA:65,1
DA:74,0
DA:75,0
DA:76,0
DA:77,0
DA:78,0
DA:81,0
DA:82,0
DA:85,0
DA:88,0
DA:89,0
DA:90,0
DA:91,0
DA:92,0
DA:93,0
DA:94,0
DA:96,0
DA:97,0
DA:106,0
DA:107,0
DA:108,0
DA:109,0
DA:110,0
DA:111,0
DA:112,0
DA:119,0
DA:122,0
DA:123,0
DA:126,0
DA:127,0
DA:130,0
DA:131,0
DA:132,0
DA:135,0
DA:136,0
DA:145,0
DA:146,0
DA:147,0
DA:148,0
DA:150,0
DA:153,0
DA:154,0
DA:155,0
DA:163,0
DA:166,0
DA:169,0
DA:170,0
DA:171,0
DA:172,0
DA:173,0
DA:175,0
DA:176,0
DA:185,0
DA:186,0
DA:187,0
DA:188,0
DA:191,0
DA:192,0
DA:193,0
DA:194,0
DA:197,0
DA:198,0
DA:203,0
DA:204,0
DA:207,0
DA:210,0
DA:211,0
LF:85
LH:19
BRDA:81,0,0,0
BRDA:81,0,1,0
BRDA:81,1,0,0
BRDA:81,1,1,0
BRDA:91,2,0,0
BRDA:91,2,1,0
BRDA:91,3,0,0
BRDA:91,3,1,0
BRDA:93,4,0,0
BRDA:93,4,1,0
BRDA:106,5,0,0
BRDA:106,5,1,0
BRDA:106,6,0,0
BRDA:106,6,1,0
BRDA:106,6,2,0
BRDA:108,7,0,0
BRDA:108,7,1,0
BRDA:108,8,0,0
BRDA:108,8,1,0
BRDA:110,9,0,0
BRDA:110,9,1,0
BRDA:145,10,0,0
BRDA:145,10,1,0
BRDA:172,11,0,0
BRDA:172,11,1,0
BRDA:193,12,0,0
BRDA:193,12,1,0
BRF:27
BRH:0
end_of_record
TN:
SF:C:\Users\Asus\Desktop\Estudios y universidad\universidad\PPI 2019\cuci-mobil\aplicativo\src\app\pantalla-inicio\pantalla-inicio.component.ts
FN:13,(anonymous_0)
FN:15,(anonymous_1)
FNF:2
FNH:2
FNDA:1,(anonymous_0)
FNDA:1,(anonymous_1)
DA:11,1
DA:16,1
LF:2
LH:2
BRF:0
BRH:0
end_of_record
TN:
SF:C:\Users\Asus\Desktop\Estudios y universidad\universidad\PPI 2019\cuci-mobil\aplicativo\src\app\reportes\reportes.component.ts
FN:10,(anonymous_0)
FN:12,(anonymous_1)
FNF:2
FNH:2
FNDA:1,(anonymous_0)
FNDA:1,(anonymous_1)
DA:8,1
LF:1
LH:1
BRF:0
BRH:0
end_of_record
TN:
SF:C:\Users\Asus\Desktop\Estudios y universidad\universidad\PPI 2019\cuci-mobil\aplicativo\src\app\services\cliente-vehiculo.service.ts
FN:11,(anonymous_0)
FN:12,(anonymous_1)
FN:16,(anonymous_2)
FN:20,(anonymous_3)
FNF:4
FNH:1
FNDA:2,(anonymous_0)
FNDA:0,(anonymous_1)
FNDA:0,(anonymous_2)
FNDA:0,(anonymous_3)
DA:9,1
DA:10,2
DA:11,2
DA:13,0
DA:17,0
DA:21,0
LF:6
LH:3
BRF:0
BRH:0
end_of_record
TN:
SF:C:\Users\Asus\Desktop\Estudios y universidad\universidad\PPI 2019\cuci-mobil\aplicativo\src\app\services\cliente.service.ts
FN:11,(anonymous_0)
FN:12,(anonymous_1)
FN:16,(anonymous_2)
FN:20,(anonymous_3)
FNF:4
FNH:1
FNDA:2,(anonymous_0)
FNDA:0,(anonymous_1)
FNDA:0,(anonymous_2)
FNDA:0,(anonymous_3)
DA:7,1
DA:10,2
DA:11,2
DA:13,0
DA:17,0
DA:21,0
LF:6
LH:3
BRF:0
BRH:0
end_of_record
TN:
SF:C:\Users\Asus\Desktop\Estudios y universidad\universidad\PPI 2019\cuci-mobil\aplicativo\src\app\services\descuento.service.ts
FN:11,(anonymous_0)
FN:12,(anonymous_1)
FNF:2
FNH:2
FNDA:7,(anonymous_0)
FNDA:6,(anonymous_1)
DA:7,1
DA:10,7
DA:11,7
DA:13,6
LF:4
LH:4
BRF:0
BRH:0
end_of_record
TN:
SF:C:\Users\Asus\Desktop\Estudios y universidad\universidad\PPI 2019\cuci-mobil\aplicativo\src\app\services\detalle-factura.service.ts
FN:10,(anonymous_0)
FN:11,(anonymous_1)
FN:15,(anonymous_2)
FNF:3
FNH:2
FNDA:8,(anonymous_0)
FNDA:1,(anonymous_1)
FNDA:0,(anonymous_2)
DA:7,1
DA:9,8
DA:10,8
DA:12,1
DA:16,0
LF:5
LH:4
BRF:0
BRH:0
end_of_record
TN:
SF:C:\Users\Asus\Desktop\Estudios y universidad\universidad\PPI 2019\cuci-mobil\aplicativo\src\app\services\factura.service.ts
FN:12,(anonymous_0)
FN:13,(anonymous_1)
FN:16,(anonymous_2)
FN:20,(anonymous_3)
FN:24,(anonymous_4)
FN:29,(anonymous_5)
FN:32,(anonymous_6)
FNF:7
FNH:3
FNDA:10,(anonymous_0)
FNDA:1,(anonymous_1)
FNDA:1,(anonymous_2)
FNDA:0,(anonymous_3)
FNDA:0,(anonymous_4)
FNDA:0,(anonymous_5)
FNDA:0,(anonymous_6)
DA:8,1
DA:11,10
DA:12,10
DA:14,1
DA:17,1
DA:21,0
DA:25,0
DA:26,0
DA:30,0
DA:33,0
LF:10
LH:5
BRF:0
BRH:0
end_of_record
TN:
SF:C:\Users\Asus\Desktop\Estudios y universidad\universidad\PPI 2019\cuci-mobil\aplicativo\src\app\services\servicio-vehiculo-registrar-entrada.service.ts
FN:8,(anonymous_0)
FN:9,(anonymous_1)
FNF:2
FNH:2
FNDA:7,(anonymous_0)
FNDA:6,(anonymous_1)
DA:6,1
DA:7,7
DA:8,7
DA:10,6
LF:4
LH:4
BRF:0
BRH:0
end_of_record
TN:
SF:C:\Users\Asus\Desktop\Estudios y universidad\universidad\PPI 2019\cuci-mobil\aplicativo\src\app\services\tipo-vehiculo.service.ts
FN:8,(anonymous_0)
FN:10,(anonymous_1)
FNF:2
FNH:2
FNDA:2,(anonymous_0)
FNDA:1,(anonymous_1)
DA:6,1
DA:7,2
DA:8,2
DA:11,1
LF:4
LH:4
BRF:0
BRH:0
end_of_record
TN:
SF:C:\Users\Asus\Desktop\Estudios y universidad\universidad\PPI 2019\cuci-mobil\aplicativo\src\app\services\usuarios.service.ts
FN:8,(anonymous_0)
FN:10,(anonymous_1)
FNF:2
FNH:1
FNDA:2,(anonymous_0)
FNDA:0,(anonymous_1)
DA:6,1
DA:7,2
DA:8,2
DA:11,0
LF:4
LH:3
BRF:0
BRH:0
end_of_record
TN:
SF:C:\Users\Asus\Desktop\Estudios y universidad\universidad\PPI 2019\cuci-mobil\aplicativo\src\app\services\vehiculo.service.ts
FN:10,(anonymous_0)
FN:11,(anonymous_1)
FN:15,(anonymous_2)
FNF:3
FNH:1
FNDA:2,(anonymous_0)
FNDA:0,(anonymous_1)
FNDA:0,(anonymous_2)
DA:7,1
DA:9,2
DA:10,2
DA:12,0
DA:16,0
LF:5
LH:3
BRF:0
BRH:0
end_of_record
